Using pre-set license
Built from '2020.3/staging' branch; Version is '2020.3.6f1 (338bb68529b2) revision 3378102'; Using compiler version '192528614'; Build Type 'Release'
OS: 'Windows 10 Pro; OS build 19042.1165; Version 2009; 64bit' Language: 'pt' Physical Memory: 32614 MB
BatchMode: 1, IsHumanControllingUs: 0, StartBugReporterOnCrash: 0, Is64bit: 1, IsPro: 0

 COMMAND LINE ARGUMENTS:
C:\Program Files\Unity\Hub\Editor\2020.3.6f1\Editor\Unity.exe
-adb2
-batchMode
-noUpm
-name
AssetImportWorker0
-projectPath
C:/Users/fabri/OneDrive/Documentos/Graduação [UEA-EST]/LUDUS/Cursos da Alura/Unity 3D parte 2/apocalipse-zumbi-alura
-logFile
Logs/AssetImportWorker0.log
-srvPort
61136
Successfully changed project path to: C:/Users/fabri/OneDrive/Documentos/Graduação [UEA-EST]/LUDUS/Cursos da Alura/Unity 3D parte 2/apocalipse-zumbi-alura
C:/Users/fabri/OneDrive/Documentos/Graduação [UEA-EST]/LUDUS/Cursos da Alura/Unity 3D parte 2/apocalipse-zumbi-alura
Using Asset Import Pipeline V2.
Refreshing native plugins compatible for Editor in 27.42 ms, found 0 plugins.
Preloading 0 native plugins for Editor in 0.00 ms.
Initialize engine version: 2020.3.6f1 (338bb68529b2)
[Subsystems] Discovering subsystems at path C:/Program Files/Unity/Hub/Editor/2020.3.6f1/Editor/Data/Resources/UnitySubsystems
[Subsystems] Discovering subsystems at path C:/Users/fabri/OneDrive/Documentos/Graduação [UEA-EST]/LUDUS/Cursos da Alura/Unity 3D parte 2/apocalipse-zumbi-alura/Assets
GfxDevice: creating device client; threaded=0
Direct3D:
    Version:  Direct3D 11.0 [level 11.1]
    Renderer: NVIDIA GeForce GTX 1660 Ti (ID=0x2191)
    Vendor:   
    VRAM:     5991 MB
    Driver:   30.0.14.7168
Initialize mono
Mono path[0] = 'C:/Program Files/Unity/Hub/Editor/2020.3.6f1/Editor/Data/Managed'
Mono path[1] = 'C:/Program Files/Unity/Hub/Editor/2020.3.6f1/Editor/Data/MonoBleedingEdge/lib/mono/unityjit'
Mono config path = 'C:/Program Files/Unity/Hub/Editor/2020.3.6f1/Editor/Data/MonoBleedingEdge/etc'
Using monoOptions --debugger-agent=transport=dt_socket,embedding=1,server=y,suspend=n,address=127.0.0.1:56512
Begin MonoManager ReloadAssembly
Registering precompiled unity dll's ...
Register platform support module: C:/Program Files/Unity/Hub/Editor/2020.3.6f1/Editor/Data/PlaybackEngines/WebGLSupport/UnityEditor.WebGL.Extensions.dll
Register platform support module: C:/Program Files/Unity/Hub/Editor/2020.3.6f1/Editor/Data/PlaybackEngines/WindowsStandaloneSupport/UnityEditor.WindowsStandalone.Extensions.dll
Registered in 0.002117 seconds.
Native extension for WindowsStandalone target not found
Native extension for WebGL target not found
Refreshing native plugins compatible for Editor in 27.13 ms, found 0 plugins.
Preloading 0 native plugins for Editor in 0.00 ms.
Mono: successfully reloaded assembly
- Completed reload, in  1.832 seconds
Platform modules already initialized, skipping
Registering precompiled user dll's ...
Registered in 0.000681 seconds.
Begin MonoManager ReloadAssembly
Native extension for WindowsStandalone target not found
Native extension for WebGL target not found
Refreshing native plugins compatible for Editor in 0.23 ms, found 0 plugins.
Preloading 0 native plugins for Editor in 0.00 ms.
Mono: successfully reloaded assembly
- Completed reload, in  0.756 seconds
Platform modules already initialized, skipping
========================================================================
Worker process is ready to serve import requests
Launched and connected shader compiler UnityShaderCompiler.exe after 0.04 seconds
Refreshing native plugins compatible for Editor in 0.25 ms, found 0 plugins.
Preloading 0 native plugins for Editor in 0.00 ms.
Unloading 1165 Unused Serialized files (Serialized files now loaded: 0)
System memory in use before: 59.2 MB.
System memory in use after: 59.3 MB.

Unloading 9 unused Assets to reduce memory usage. Loaded Objects now: 1609.
Total: 1.734000 ms (FindLiveObjects: 0.121500 ms CreateObjectMapping: 0.037300 ms MarkObjects: 1.519100 ms  DeleteObjects: 0.054600 ms)

========================================================================
Received Import Request.
  path: Assets/Scripts/ControlaInimigo.cs
  artifactKey: Guid(fa52be49c5d6c8d49ae68fa42669f1ae) Importer(815301076,1909f56bfc062723c751e8b465ee728b)
Start importing Assets/Scripts/ControlaInimigo.cs using Guid(fa52be49c5d6c8d49ae68fa42669f1ae) Importer(815301076,1909f56bfc062723c751e8b465ee728b)  -> (artifact id: '8e7940825e7f2a8904fea84c7279a59a') in 0.030049 seconds
  Import took 0.031797 seconds .

========================================================================
Received Prepare
Registering precompiled user dll's ...
Registered in 0.000670 seconds.
Begin MonoManager ReloadAssembly
Native extension for WindowsStandalone target not found
Native extension for WebGL target not found
Refreshing native plugins compatible for Editor in 0.24 ms, found 0 plugins.
Preloading 0 native plugins for Editor in 0.00 ms.
Mono: successfully reloaded assembly
- Completed reload, in  0.718 seconds
Platform modules already initialized, skipping
Refreshing native plugins compatible for Editor in 0.24 ms, found 0 plugins.
Preloading 0 native plugins for Editor in 0.00 ms.
Unloading 1158 Unused Serialized files (Serialized files now loaded: 0)
System memory in use before: 59.0 MB.
System memory in use after: 59.1 MB.

Unloading 4 unused Assets to reduce memory usage. Loaded Objects now: 1612.
Total: 1.715700 ms (FindLiveObjects: 0.197700 ms CreateObjectMapping: 0.063400 ms MarkObjects: 1.436200 ms  DeleteObjects: 0.017300 ms)

========================================================================
Received Import Request.
  Time since last request: 310.110092 seconds.
  path: Assets/Scripts/ControlaInimigo.cs
  artifactKey: Guid(fa52be49c5d6c8d49ae68fa42669f1ae) Importer(815301076,1909f56bfc062723c751e8b465ee728b)
Start importing Assets/Scripts/ControlaInimigo.cs using Guid(fa52be49c5d6c8d49ae68fa42669f1ae) Importer(815301076,1909f56bfc062723c751e8b465ee728b)  -> (artifact id: '7fe4840e9515c943eb024ce14889c95c') in 0.003509 seconds
  Import took 0.005565 seconds .

========================================================================
Received Import Request.
  Time since last request: 1.734815 seconds.
  path: Assets/Scripts/ControlaInimigo.cs
  artifactKey: Guid(fa52be49c5d6c8d49ae68fa42669f1ae) Importer(815301076,1909f56bfc062723c751e8b465ee728b)
Start importing Assets/Scripts/ControlaInimigo.cs using Guid(fa52be49c5d6c8d49ae68fa42669f1ae) Importer(815301076,1909f56bfc062723c751e8b465ee728b)  -> (artifact id: '7fe4840e9515c943eb024ce14889c95c') in 0.001863 seconds
  Import took 0.003511 seconds .

========================================================================
Received Prepare
Registering precompiled user dll's ...
Registered in 0.000608 seconds.
Begin MonoManager ReloadAssembly
Native extension for WindowsStandalone target not found
Native extension for WebGL target not found
Refreshing native plugins compatible for Editor in 0.23 ms, found 0 plugins.
Preloading 0 native plugins for Editor in 0.00 ms.
Mono: successfully reloaded assembly
- Completed reload, in  0.686 seconds
Platform modules already initialized, skipping
Refreshing native plugins compatible for Editor in 0.26 ms, found 0 plugins.
Preloading 0 native plugins for Editor in 0.00 ms.
Unloading 1158 Unused Serialized files (Serialized files now loaded: 0)
System memory in use before: 59.0 MB.
System memory in use after: 59.1 MB.

Unloading 4 unused Assets to reduce memory usage. Loaded Objects now: 1615.
Total: 1.850000 ms (FindLiveObjects: 0.136600 ms CreateObjectMapping: 0.037900 ms MarkObjects: 1.660500 ms  DeleteObjects: 0.013600 ms)

========================================================================
Received Import Request.
  Time since last request: 271.742509 seconds.
  path: Assets/Prefabs/Personagens/Zumbi 1.prefab
  artifactKey: Guid(58b138328b58af34dbec52e7620f1e7e) Importer(815301076,1909f56bfc062723c751e8b465ee728b)
Start importing Assets/Prefabs/Personagens/Zumbi 1.prefab using Guid(58b138328b58af34dbec52e7620f1e7e) Importer(815301076,1909f56bfc062723c751e8b465ee728b)  -> (artifact id: 'ab514555fa0a45110d537157726c165e') in 0.043782 seconds
  Import took 0.046323 seconds .

========================================================================
Received Import Request.
  Time since last request: 13.759950 seconds.
  path: Assets/Prefabs/Personagens/Boss.prefab
  artifactKey: Guid(58b138328b58af34dbec52e7620f1e7e) Importer(815301076,1909f56bfc062723c751e8b465ee728b)
Start importing Assets/Prefabs/Personagens/Boss.prefab using Guid(58b138328b58af34dbec52e7620f1e7e) Importer(815301076,1909f56bfc062723c751e8b465ee728b)  -> (artifact id: '8e129707e5759101bb08670c4ca9f976') in 0.015453 seconds
  Import took 0.018543 seconds .

========================================================================
Received Import Request.
  Time since last request: 357.648462 seconds.
  path: Assets/Prefabs/Armas/PistolaDeAgua.prefab
  artifactKey: Guid(7dd2145dbae37472ba992ebe5c01ca04) Importer(815301076,1909f56bfc062723c751e8b465ee728b)
Start importing Assets/Prefabs/Armas/PistolaDeAgua.prefab using Guid(7dd2145dbae37472ba992ebe5c01ca04) Importer(815301076,1909f56bfc062723c751e8b465ee728b)  -> (artifact id: 'c4bf301e414945be756809d2ad875620') in 0.069410 seconds
  Import took 0.071921 seconds .

========================================================================
Received Import Request.
  Time since last request: 9.665711 seconds.
  path: Assets/Prefabs/Itens/ArmadilhaUrso.prefab
  artifactKey: Guid(dbcb82f5b95dc49bda1cc7c5a3192dd0) Importer(815301076,1909f56bfc062723c751e8b465ee728b)
Start importing Assets/Prefabs/Itens/ArmadilhaUrso.prefab using Guid(dbcb82f5b95dc49bda1cc7c5a3192dd0) Importer(815301076,1909f56bfc062723c751e8b465ee728b)  -> (artifact id: 'e2bf1ee94f61df8fad720aca724b6678') in 0.015399 seconds
  Import took 0.017759 seconds .

========================================================================
Received Import Request.
  Time since last request: 0.530115 seconds.
  path: Assets/Prefabs/Itens/Brinquedo_Damas.prefab
  artifactKey: Guid(8f0e7b584ded441afb351fb70ff08183) Importer(815301076,1909f56bfc062723c751e8b465ee728b)
Start importing Assets/Prefabs/Itens/Brinquedo_Damas.prefab using Guid(8f0e7b584ded441afb351fb70ff08183) Importer(815301076,1909f56bfc062723c751e8b465ee728b)  -> (artifact id: '5225ea732d59f50e3b9864c005ae7c98') in 0.016189 seconds
  Import took 0.018167 seconds .

========================================================================
Received Import Request.
  Time since last request: 1.378359 seconds.
  path: Assets/Prefabs/Itens/Isqueiro.prefab
  artifactKey: Guid(ea8c5cea01d4e4188b8f30e349432a5f) Importer(815301076,1909f56bfc062723c751e8b465ee728b)
Start importing Assets/Prefabs/Itens/Isqueiro.prefab using Guid(ea8c5cea01d4e4188b8f30e349432a5f) Importer(815301076,1909f56bfc062723c751e8b465ee728b)  -> (artifact id: 'd0ddbceb8d1be025433190f10ef150e1') in 0.015155 seconds
  Import took 0.017482 seconds .

========================================================================
Received Import Request.
  Time since last request: 1.070331 seconds.
  path: Assets/Prefabs/Itens/WalkieTalkie.prefab
  artifactKey: Guid(0f9c3e2bcaf9a4bfeaa89cb2e8f418c7) Importer(815301076,1909f56bfc062723c751e8b465ee728b)
Start importing Assets/Prefabs/Itens/WalkieTalkie.prefab using Guid(0f9c3e2bcaf9a4bfeaa89cb2e8f418c7) Importer(815301076,1909f56bfc062723c751e8b465ee728b)  -> (artifact id: 'ad8d3a48be4002f1922047dbe5507650') in 0.016052 seconds
  Import took 0.018101 seconds .

========================================================================
Received Import Request.
  Time since last request: 0.440666 seconds.
  path: Assets/Prefabs/Itens/PapelHigienico.prefab
  artifactKey: Guid(3634bf4deb860478984332b4d2191b24) Importer(815301076,1909f56bfc062723c751e8b465ee728b)
Start importing Assets/Prefabs/Itens/PapelHigienico.prefab using Guid(3634bf4deb860478984332b4d2191b24) Importer(815301076,1909f56bfc062723c751e8b465ee728b)  -> (artifact id: '080138f5e10a6df1829b817f737201e1') in 0.014683 seconds
  Import took 0.016774 seconds .

========================================================================
Received Import Request.
  Time since last request: 0.896279 seconds.
  path: Assets/Prefabs/Itens/Lanterna_04.prefab
  artifactKey: Guid(7b81fdfff842048a2aecb275cd8ed30d) Importer(815301076,1909f56bfc062723c751e8b465ee728b)
Start importing Assets/Prefabs/Itens/Lanterna_04.prefab using Guid(7b81fdfff842048a2aecb275cd8ed30d) Importer(815301076,1909f56bfc062723c751e8b465ee728b)  -> (artifact id: '5aa1a2f02f8ff3d78fdbaff960d6407b') in 0.017027 seconds
  Import took 0.019368 seconds .

========================================================================
Received Import Request.
  Time since last request: 0.396514 seconds.
  path: Assets/Prefabs/Itens/Mapa.prefab
  artifactKey: Guid(e07181272c9a247539054e84c564485b) Importer(815301076,1909f56bfc062723c751e8b465ee728b)
Start importing Assets/Prefabs/Itens/Mapa.prefab using Guid(e07181272c9a247539054e84c564485b) Importer(815301076,1909f56bfc062723c751e8b465ee728b)  -> (artifact id: '4c6e54c9df897e3c88277beeff73575a') in 0.014268 seconds
  Import took 0.016307 seconds .

========================================================================
Received Import Request.
  Time since last request: 0.413841 seconds.
  path: Assets/Prefabs/Itens/Lanterna_03.prefab
  artifactKey: Guid(23f9fae61ed9e46b188681f09d1dbd64) Importer(815301076,1909f56bfc062723c751e8b465ee728b)
Start importing Assets/Prefabs/Itens/Lanterna_03.prefab using Guid(23f9fae61ed9e46b188681f09d1dbd64) Importer(815301076,1909f56bfc062723c751e8b465ee728b)  -> (artifact id: '3a4456dbb1fa76958671f0766e394ecd') in 0.014454 seconds
  Import took 0.016592 seconds .

========================================================================
Received Import Request.
  Time since last request: 0.424543 seconds.
  path: Assets/Prefabs/Itens/Lanterna_01.prefab
  artifactKey: Guid(82894e35ffe32440ba09eea8f54946bb) Importer(815301076,1909f56bfc062723c751e8b465ee728b)
Start importing Assets/Prefabs/Itens/Lanterna_01.prefab using Guid(82894e35ffe32440ba09eea8f54946bb) Importer(815301076,1909f56bfc062723c751e8b465ee728b)  -> (artifact id: 'c52a564bd0c5b7a7be97112cbdbf5009') in 0.012777 seconds
  Import took 0.015243 seconds .

========================================================================
Received Import Request.
  Time since last request: 1.790470 seconds.
  path: Assets/Prefabs/Itens/Garrafa.prefab
  artifactKey: Guid(8e9e7a65205bc4c209ccd0a5431af8ff) Importer(815301076,1909f56bfc062723c751e8b465ee728b)
Start importing Assets/Prefabs/Itens/Garrafa.prefab using Guid(8e9e7a65205bc4c209ccd0a5431af8ff) Importer(815301076,1909f56bfc062723c751e8b465ee728b)  -> (artifact id: 'b62f411aa9767d0f8eef04b44cf0637e') in 0.014566 seconds
  Import took 0.016596 seconds .

========================================================================
Received Import Request.
  Time since last request: 0.431785 seconds.
  path: Assets/Prefabs/Itens/Fosforos.prefab
  artifactKey: Guid(b38ac6256c36d41ca91d79ce7a3d63b6) Importer(815301076,1909f56bfc062723c751e8b465ee728b)
Start importing Assets/Prefabs/Itens/Fosforos.prefab using Guid(b38ac6256c36d41ca91d79ce7a3d63b6) Importer(815301076,1909f56bfc062723c751e8b465ee728b)  -> (artifact id: '55002c4833949f238f8e501f13845ada') in 0.013295 seconds
  Import took 0.015246 seconds .

========================================================================
Received Import Request.
  Time since last request: 0.570290 seconds.
  path: Assets/Prefabs/Itens/Corda.prefab
  artifactKey: Guid(6228c4279045948db8035fc464f7cf91) Importer(815301076,1909f56bfc062723c751e8b465ee728b)
Start importing Assets/Prefabs/Itens/Corda.prefab using Guid(6228c4279045948db8035fc464f7cf91) Importer(815301076,1909f56bfc062723c751e8b465ee728b)  -> (artifact id: '970e8deea476978f51f8f6abb2b7b8dc') in 0.012892 seconds
  Import took 0.015180 seconds .

========================================================================
Received Import Request.
  Time since last request: 0.533026 seconds.
  path: Assets/Prefabs/Itens/ComidaEnlatada_04.prefab
  artifactKey: Guid(8a65fd58c8d794276bbe2784f9d12ef3) Importer(815301076,1909f56bfc062723c751e8b465ee728b)
Start importing Assets/Prefabs/Itens/ComidaEnlatada_04.prefab using Guid(8a65fd58c8d794276bbe2784f9d12ef3) Importer(815301076,1909f56bfc062723c751e8b465ee728b)  -> (artifact id: '5e051ebc93a2e81f7ac4c84e7ef410fd') in 0.013483 seconds
  Import took 0.015510 seconds .

========================================================================
Received Import Request.
  Time since last request: 0.728959 seconds.
  path: Assets/Prefabs/Itens/ComidaEnlatada_03.prefab
  artifactKey: Guid(5d1dcf1064edf4ded89ff293a2cd5752) Importer(815301076,1909f56bfc062723c751e8b465ee728b)
Start importing Assets/Prefabs/Itens/ComidaEnlatada_03.prefab using Guid(5d1dcf1064edf4ded89ff293a2cd5752) Importer(815301076,1909f56bfc062723c751e8b465ee728b)  -> (artifact id: '9efbfbc22494348b0b09b7f9f2a21bd5') in 0.014372 seconds
  Import took 0.016441 seconds .

========================================================================
Received Import Request.
  Time since last request: 0.448272 seconds.
  path: Assets/Prefabs/Itens/ComidaEnlatada_02.prefab
  artifactKey: Guid(820afa394a0c24cf394d6163f3d28954) Importer(815301076,1909f56bfc062723c751e8b465ee728b)
Start importing Assets/Prefabs/Itens/ComidaEnlatada_02.prefab using Guid(820afa394a0c24cf394d6163f3d28954) Importer(815301076,1909f56bfc062723c751e8b465ee728b)  -> (artifact id: '718670b2b34eda70596fef23ccc4141e') in 0.014165 seconds
  Import took 0.016211 seconds .

========================================================================
Received Import Request.
  Time since last request: 0.316243 seconds.
  path: Assets/Prefabs/Itens/ComidaEnlatada_01.prefab
  artifactKey: Guid(dc1074958556e4b2f8de7cc12f01c311) Importer(815301076,1909f56bfc062723c751e8b465ee728b)
Start importing Assets/Prefabs/Itens/ComidaEnlatada_01.prefab using Guid(dc1074958556e4b2f8de7cc12f01c311) Importer(815301076,1909f56bfc062723c751e8b465ee728b)  -> (artifact id: '653f5295030e6019729a976eaa049a96') in 0.012857 seconds
  Import took 0.015031 seconds .

========================================================================
Received Import Request.
  Time since last request: 0.382684 seconds.
  path: Assets/Prefabs/Itens/Cantil.prefab
  artifactKey: Guid(2252f59e5341e4245871c2fbec346f94) Importer(815301076,1909f56bfc062723c751e8b465ee728b)
Start importing Assets/Prefabs/Itens/Cantil.prefab using Guid(2252f59e5341e4245871c2fbec346f94) Importer(815301076,1909f56bfc062723c751e8b465ee728b)  -> (artifact id: 'ea249582479854c12eb20c0af024c716') in 0.012165 seconds
  Import took 0.014783 seconds .

========================================================================
Received Import Request.
  Time since last request: 3.636959 seconds.
  path: Assets/Prefabs/Armas/Arm_Pregos.prefab
  artifactKey: Guid(7ae493bea4ba040659c6b7a6bb474536) Importer(815301076,1909f56bfc062723c751e8b465ee728b)
Start importing Assets/Prefabs/Armas/Arm_Pregos.prefab using Guid(7ae493bea4ba040659c6b7a6bb474536) Importer(815301076,1909f56bfc062723c751e8b465ee728b)  -> (artifact id: '86f0cf2f513a97d2058d7c57c4a4f3ca') in 0.012357 seconds
  Import took 0.014842 seconds .

AssetImportWorkerClient::OnTransportError - code=2 error=End of file
