Using pre-set license
Built from '2020.3/staging' branch; Version is '2020.3.6f1 (338bb68529b2) revision 3378102'; Using compiler version '192528614'; Build Type 'Release'
OS: 'Windows 10 Pro; OS build 19042.1110; Version 2009; 64bit' Language: 'pt' Physical Memory: 32614 MB
BatchMode: 1, IsHumanControllingUs: 0, StartBugReporterOnCrash: 0, Is64bit: 1, IsPro: 0

 COMMAND LINE ARGUMENTS:
C:\Program Files\Unity\Hub\Editor\2020.3.6f1\Editor\Unity.exe
-adb2
-batchMode
-noUpm
-name
AssetImportWorker0
-projectPath
C:/Users/fabri/OneDrive/Documentos/Graduação [UEA-EST]/LUDUS/Cursos da Alura/Unity 3D parte 2/apocalipse-zumbi-alura
-logFile
Logs/AssetImportWorker0.log
-srvPort
58463
Successfully changed project path to: C:/Users/fabri/OneDrive/Documentos/Graduação [UEA-EST]/LUDUS/Cursos da Alura/Unity 3D parte 2/apocalipse-zumbi-alura
C:/Users/fabri/OneDrive/Documentos/Graduação [UEA-EST]/LUDUS/Cursos da Alura/Unity 3D parte 2/apocalipse-zumbi-alura
Using Asset Import Pipeline V2.
Refreshing native plugins compatible for Editor in 29.97 ms, found 0 plugins.
Preloading 0 native plugins for Editor in 0.00 ms.
Initialize engine version: 2020.3.6f1 (338bb68529b2)
[Subsystems] Discovering subsystems at path C:/Program Files/Unity/Hub/Editor/2020.3.6f1/Editor/Data/Resources/UnitySubsystems
[Subsystems] Discovering subsystems at path C:/Users/fabri/OneDrive/Documentos/Graduação [UEA-EST]/LUDUS/Cursos da Alura/Unity 3D parte 2/apocalipse-zumbi-alura/Assets
GfxDevice: creating device client; threaded=0
Direct3D:
    Version:  Direct3D 11.0 [level 11.1]
    Renderer: NVIDIA GeForce GTX 1660 Ti (ID=0x2191)
    Vendor:   
    VRAM:     5991 MB
    Driver:   30.0.14.7168
Initialize mono
Mono path[0] = 'C:/Program Files/Unity/Hub/Editor/2020.3.6f1/Editor/Data/Managed'
Mono path[1] = 'C:/Program Files/Unity/Hub/Editor/2020.3.6f1/Editor/Data/MonoBleedingEdge/lib/mono/unityjit'
Mono config path = 'C:/Program Files/Unity/Hub/Editor/2020.3.6f1/Editor/Data/MonoBleedingEdge/etc'
Using monoOptions --debugger-agent=transport=dt_socket,embedding=1,server=y,suspend=n,address=127.0.0.1:56152
Begin MonoManager ReloadAssembly
Registering precompiled unity dll's ...
Register platform support module: C:/Program Files/Unity/Hub/Editor/2020.3.6f1/Editor/Data/PlaybackEngines/WebGLSupport/UnityEditor.WebGL.Extensions.dll
Register platform support module: C:/Program Files/Unity/Hub/Editor/2020.3.6f1/Editor/Data/PlaybackEngines/WindowsStandaloneSupport/UnityEditor.WindowsStandalone.Extensions.dll
Registered in 0.002935 seconds.
Native extension for WindowsStandalone target not found
Native extension for WebGL target not found
Refreshing native plugins compatible for Editor in 31.22 ms, found 0 plugins.
Preloading 0 native plugins for Editor in 0.00 ms.
Mono: successfully reloaded assembly
- Completed reload, in  2.108 seconds
Platform modules already initialized, skipping
Registering precompiled user dll's ...
Registered in 0.001010 seconds.
Begin MonoManager ReloadAssembly
Native extension for WindowsStandalone target not found
Native extension for WebGL target not found
Refreshing native plugins compatible for Editor in 0.24 ms, found 0 plugins.
Preloading 0 native plugins for Editor in 0.00 ms.
Mono: successfully reloaded assembly
- Completed reload, in  0.972 seconds
Platform modules already initialized, skipping
========================================================================
Worker process is ready to serve import requests
Launched and connected shader compiler UnityShaderCompiler.exe after 0.08 seconds
Refreshing native plugins compatible for Editor in 0.36 ms, found 0 plugins.
Preloading 0 native plugins for Editor in 0.00 ms.
Unloading 1165 Unused Serialized files (Serialized files now loaded: 0)
System memory in use before: 59.2 MB.
System memory in use after: 59.3 MB.

Unloading 9 unused Assets to reduce memory usage. Loaded Objects now: 1609.
Total: 2.648300 ms (FindLiveObjects: 0.167500 ms CreateObjectMapping: 0.066100 ms MarkObjects: 2.265400 ms  DeleteObjects: 0.148100 ms)

========================================================================
Received Import Request.
  path: Assets/Modelos3D/Personagens/Animacoes/Animacoes.fbx
  artifactKey: Guid(d55a3dafe23105e409ee70d6605cbd49) Importer(815301076,1909f56bfc062723c751e8b465ee728b)
Start importing Assets/Modelos3D/Personagens/Animacoes/Animacoes.fbx using Guid(d55a3dafe23105e409ee70d6605cbd49) Importer(815301076,1909f56bfc062723c751e8b465ee728b)  -> (artifact id: '14a041531ffb779a8259702fc29565c3') in 0.104404 seconds
  Import took 0.107855 seconds .

========================================================================
Received Import Request.
  Time since last request: 4.979336 seconds.
  path: Assets/Animacoes/Zumbi.controller
  artifactKey: Guid(7242964b75dfeb54aafa42479eecf301) Importer(815301076,1909f56bfc062723c751e8b465ee728b)
Start importing Assets/Animacoes/Zumbi.controller using Guid(7242964b75dfeb54aafa42479eecf301) Importer(815301076,1909f56bfc062723c751e8b465ee728b)  -> (artifact id: 'dc14a3902211980b8f44debcbc127be8') in 0.015349 seconds
  Import took 0.018487 seconds .

========================================================================
Received Import Request.
  Time since last request: 135.889269 seconds.
  path: Assets/Modelos3D/Personagens/Animacoes/Animacoes.fbx
  artifactKey: Guid(d55a3dafe23105e409ee70d6605cbd49) Importer(815301076,1909f56bfc062723c751e8b465ee728b)
Start importing Assets/Modelos3D/Personagens/Animacoes/Animacoes.fbx using Guid(d55a3dafe23105e409ee70d6605cbd49) Importer(815301076,1909f56bfc062723c751e8b465ee728b)  -> (artifact id: '5b67d098390c50e226ac516c9fd76ba1') in 0.008426 seconds
  Import took 0.013044 seconds .

========================================================================
Received Import Request.
  Time since last request: 0.000776 seconds.
  path: Assets/Modelos3D/Personagens/Animacoes/Animacoes.fbx
  artifactKey: Guid(d55a3dafe23105e409ee70d6605cbd49) Importer(815301076,1909f56bfc062723c751e8b465ee728b)
Start importing Assets/Modelos3D/Personagens/Animacoes/Animacoes.fbx using Guid(d55a3dafe23105e409ee70d6605cbd49) Importer(815301076,1909f56bfc062723c751e8b465ee728b)  -> (artifact id: '5b67d098390c50e226ac516c9fd76ba1') in 0.012029 seconds
  Import took 0.015517 seconds .

========================================================================
Received Import Request.
  Time since last request: 29.256816 seconds.
  path: Assets/Prefabs/Personagens/Zumbi.prefab
  artifactKey: Guid(35861510587b7489780fe86970823679) Importer(815301076,1909f56bfc062723c751e8b465ee728b)
Start importing Assets/Prefabs/Personagens/Zumbi.prefab using Guid(35861510587b7489780fe86970823679) Importer(815301076,1909f56bfc062723c751e8b465ee728b)  -> (artifact id: 'c211ec9cc2693f12e5ced868f1d5c66f') in 0.028757 seconds
  Import took 0.031853 seconds .

========================================================================
Received Import Request.
  Time since last request: 126.196273 seconds.
  path: Assets/Scripts/ControlaInimigo.cs
  artifactKey: Guid(fa52be49c5d6c8d49ae68fa42669f1ae) Importer(815301076,1909f56bfc062723c751e8b465ee728b)
Start importing Assets/Scripts/ControlaInimigo.cs using Guid(fa52be49c5d6c8d49ae68fa42669f1ae) Importer(815301076,1909f56bfc062723c751e8b465ee728b)  -> (artifact id: 'f2b3d6cfc7c9df47bccf5d45eed67283') in 0.012974 seconds
  Import took 0.015478 seconds .

========================================================================
Received Import Request.
  Time since last request: 0.003892 seconds.
  path: Assets/Scripts/ControlaInimigo.cs
  artifactKey: Guid(fa52be49c5d6c8d49ae68fa42669f1ae) Importer(815301076,1909f56bfc062723c751e8b465ee728b)
Start importing Assets/Scripts/ControlaInimigo.cs using Guid(fa52be49c5d6c8d49ae68fa42669f1ae) Importer(815301076,1909f56bfc062723c751e8b465ee728b)  -> (artifact id: 'f2b3d6cfc7c9df47bccf5d45eed67283') in 0.003258 seconds
  Import took 0.006582 seconds .

